<?xml version="1.0" encoding="UTF-8"?>
<!-- Generated by org.testng.reporters.JUnitXMLReporter -->
<testsuite ignored="0" hostname="DESKTOP-ELERBRS" failures="0" tests="4" name="Default test" time="13.218" errors="0" timestamp="2021-05-28T22:36:34 IST">
  <testcase classname="TestPackage.Calculator" name="Addition" time="2.005"/>
  <testcase classname="TestPackage.Calculator" name="Division" time="0.821"/>
  <testcase classname="TestPackage.Calculator" name="Multiplication" time="1.069"/>
  <testcase classname="TestPackage.Calculator" name="Subtraction" time="1.908"/>
</testsuite> <!-- Default test -->
