<?xml version="1.0" encoding="UTF-8"?>
<testng-results ignored="0" total="4" passed="4" failed="0" skipped="0">
  <reporter-output>
  </reporter-output>
  <suite started-at="2021-05-28T22:25:40 IST" name="Default suite" finished-at="2021-05-28T22:25:52 IST" duration-ms="11521">
    <groups>
    </groups>
    <test started-at="2021-05-28T22:25:40 IST" name="Default test" finished-at="2021-05-28T22:25:52 IST" duration-ms="11521">
      <class name="TestPackage.Calculator">
        <test-method is-config="true" signature="OpenURL()[pri:0, instance:TestPackage.Calculator@74cadd41]" started-at="2021-05-28T22:25:40 IST" name="OpenURL" finished-at="2021-05-28T22:25:45 IST" duration-ms="5341" status="PASS">
          <reporter-output>
          </reporter-output>
        </test-method> <!-- OpenURL -->
        <test-method signature="Addition()[pri:0, instance:TestPackage.Calculator@74cadd41]" started-at="2021-05-28T22:25:45 IST" name="Addition" finished-at="2021-05-28T22:25:47 IST" duration-ms="1658" status="PASS">
          <reporter-output>
          </reporter-output>
        </test-method> <!-- Addition -->
        <test-method signature="Division()[pri:0, instance:TestPackage.Calculator@74cadd41]" started-at="2021-05-28T22:25:47 IST" name="Division" finished-at="2021-05-28T22:25:48 IST" duration-ms="870" status="PASS">
          <reporter-output>
          </reporter-output>
        </test-method> <!-- Division -->
        <test-method signature="Multiplication()[pri:0, instance:TestPackage.Calculator@74cadd41]" started-at="2021-05-28T22:25:48 IST" name="Multiplication" finished-at="2021-05-28T22:25:49 IST" duration-ms="1147" status="PASS">
          <reporter-output>
          </reporter-output>
        </test-method> <!-- Multiplication -->
        <test-method signature="Subtraction()[pri:0, instance:TestPackage.Calculator@74cadd41]" started-at="2021-05-28T22:25:49 IST" name="Subtraction" finished-at="2021-05-28T22:25:51 IST" duration-ms="1757" status="PASS">
          <reporter-output>
          </reporter-output>
        </test-method> <!-- Subtraction -->
        <test-method is-config="true" signature="CloseBrowser()[pri:0, instance:TestPackage.Calculator@74cadd41]" started-at="2021-05-28T22:25:51 IST" name="CloseBrowser" finished-at="2021-05-28T22:25:52 IST" duration-ms="662" status="PASS">
          <reporter-output>
          </reporter-output>
        </test-method> <!-- CloseBrowser -->
      </class> <!-- TestPackage.Calculator -->
    </test> <!-- Default test -->
  </suite> <!-- Default suite -->
</testng-results>
